{"level":"info","message":"Connected to Solana RPC: https://rpc.helius.xyz/?api-key=857b8628-cc06-417a-8a1e-985b7194869b","timestamp":"2025-08-03T12:27:12.395Z"}
{"level":"info","message":"Wallet loaded: 6Qsocug9zNwvdByi1Qn7VCuiahPw8NDYYoGBDxiFLGw8","timestamp":"2025-08-03T12:27:12.458Z"}
{"level":"info","message":"Telegram bot initialized","timestamp":"2025-08-03T12:27:12.459Z"}
{"level":"info","message":"Connected to Solana RPC: https://rpc.helius.xyz/?api-key=857b8628-cc06-417a-8a1e-985b7194869b","timestamp":"2025-08-03T12:27:14.699Z"}
{"level":"info","message":"Wallet loaded: 6Qsocug9zNwvdByi1Qn7VCuiahPw8NDYYoGBDxiFLGw8","timestamp":"2025-08-03T12:27:14.765Z"}
{"level":"info","message":"Telegram bot initialized","timestamp":"2025-08-03T12:27:14.766Z"}
{"level":"info","message":"Bot started via Telegram","timestamp":"2025-08-03T12:27:43.826Z"}
{"level":"info","message":"Connected to Solana RPC: https://rpc.helius.xyz/?api-key=857b8628-cc06-417a-8a1e-985b7194869b","timestamp":"2025-08-03T12:29:13.310Z"}
{"level":"info","message":"Connected to Solana RPC: https://rpc.helius.xyz/?api-key=857b8628-cc06-417a-8a1e-985b7194869b","timestamp":"2025-08-03T14:12:26.834Z"}
{"level":"info","message":"Wallet loaded: 6Qsocug9zNwvdByi1Qn7VCuiahPw8NDYYoGBDxiFLGw8","timestamp":"2025-08-03T14:12:26.891Z"}
{"level":"info","message":"Telegram bot initialized","timestamp":"2025-08-03T14:12:26.892Z"}
{"level":"info","message":"Connected to Solana RPC: https://rpc.helius.xyz/?api-key=857b8628-cc06-417a-8a1e-985b7194869b","timestamp":"2025-08-03T14:12:36.622Z"}
{"level":"info","message":"No arbitrage opportunities found in this scan","timestamp":"2025-08-03T14:12:38.250Z"}
{"level":"info","message":"Connected to Solana RPC: https://rpc.helius.xyz/?api-key=857b8628-cc06-417a-8a1e-985b7194869b","timestamp":"2025-08-03T15:16:08.696Z"}
{"level":"info","message":"Wallet loaded: 6Qsocug9zNwvdByi1Qn7VCuiahPw8NDYYoGBDxiFLGw8","timestamp":"2025-08-03T15:16:08.758Z"}
{"level":"info","message":"Telegram bot initialized","timestamp":"2025-08-03T15:16:08.759Z"}
{"level":"info","message":"Connected to Solana RPC: https://rpc.helius.xyz/?api-key=857b8628-cc06-417a-8a1e-985b7194869b","timestamp":"2025-08-03T15:16:23.293Z"}
{"level":"info","message":"No arbitrage opportunities found in this scan","timestamp":"2025-08-03T15:16:24.824Z"}
{"level":"info","message":"Connected to Solana RPC: https://rpc.helius.xyz/?api-key=857b8628-cc06-417a-8a1e-985b7194869b","timestamp":"2025-08-03T15:25:41.986Z"}
{"level":"info","message":"Wallet loaded: 6Qsocug9zNwvdByi1Qn7VCuiahPw8NDYYoGBDxiFLGw8","timestamp":"2025-08-03T15:25:42.046Z"}
{"level":"info","message":"Telegram bot initialized","timestamp":"2025-08-03T15:25:42.047Z"}
{"level":"info","message":"Connected to Solana RPC: https://rpc.helius.xyz/?api-key=857b8628-cc06-417a-8a1e-985b7194869b (undefined)","timestamp":"2025-08-03T15:52:47.730Z"}
{"level":"info","message":"Wallet loaded: 6Qsocug9zNwvdByi1Qn7VCuiahPw8NDYYoGBDxiFLGw8","timestamp":"2025-08-03T15:52:47.791Z"}
{"level":"info","message":"Telegram bot initialized","timestamp":"2025-08-03T15:52:47.792Z"}
{"level":"info","message":"Bot started via Telegram","timestamp":"2025-08-03T15:53:18.319Z"}
{"level":"info","message":"Connected to Solana RPC: https://rpc.helius.xyz/?api-key=857b8628-cc06-417a-8a1e-985b7194869b (undefined)","timestamp":"2025-08-03T15:54:18.802Z"}
{"level":"error","message":"Telegram error: Cannot read properties of undefined (reading 'USDC')","timestamp":"2025-08-03T15:54:18.803Z"}
{"level":"info","message":"Connected to Solana RPC: https://rpc.helius.xyz/?api-key=857b8628-cc06-417a-8a1e-985b7194869b (undefined)","timestamp":"2025-08-03T16:06:29.172Z"}
{"level":"info","message":"Wallet loaded: 6Qsocug9zNwvdByi1Qn7VCuiahPw8NDYYoGBDxiFLGw8","timestamp":"2025-08-03T16:06:29.233Z"}
{"level":"info","message":"Telegram bot initialized","timestamp":"2025-08-03T16:06:29.235Z"}
{"level":"info","message":"Bot started via Telegram","timestamp":"2025-08-03T16:06:41.980Z"}
{"level":"info","message":"Connected to Solana RPC: https://rpc.helius.xyz/?api-key=857b8628-cc06-417a-8a1e-985b7194869b (undefined)","timestamp":"2025-08-03T16:10:21.526Z"}
{"level":"info","message":"Wallet loaded: 6Qsocug9zNwvdByi1Qn7VCuiahPw8NDYYoGBDxiFLGw8","timestamp":"2025-08-03T16:10:21.600Z"}
{"level":"info","message":"Telegram bot initialized","timestamp":"2025-08-03T16:10:21.601Z"}
{"level":"info","message":"Bot started via Telegram","timestamp":"2025-08-03T16:10:22.506Z"}
{"level":"info","message":"Connected to Solana RPC: https://rpc.helius.xyz/?api-key=857b8628-cc06-417a-8a1e-985b7194869b (mainnet)","timestamp":"2025-08-03T16:23:33.615Z"}
{"level":"info","message":"Wallet loaded: 6Qsocug9zNwvdByi1Qn7VCuiahPw8NDYYoGBDxiFLGw8","timestamp":"2025-08-03T16:23:33.676Z"}
{"level":"info","message":"Telegram bot initialized","timestamp":"2025-08-03T16:23:33.678Z"}
{"level":"info","message":"Connected to Solana RPC: https://rpc.helius.xyz/?api-key=857b8628-cc06-417a-8a1e-985b7194869b (mainnet)","timestamp":"2025-08-03T16:23:35.899Z"}
{"level":"info","message":"Wallet loaded: 6Qsocug9zNwvdByi1Qn7VCuiahPw8NDYYoGBDxiFLGw8","timestamp":"2025-08-03T16:23:35.957Z"}
{"level":"info","message":"Telegram bot initialized","timestamp":"2025-08-03T16:23:35.959Z"}
{"level":"info","message":"Bot started via Telegram","timestamp":"2025-08-03T16:23:57.299Z"}
{"level":"info","message":"Connected to Solana RPC: https://devnet.helius-rpc.com/?api-key=857b8628-cc06-417a-8a1e-985b7194869b (devnet)","timestamp":"2025-08-03T16:24:16.443Z"}
{"level":"info","message":"Wallet loaded: 6Qsocug9zNwvdByi1Qn7VCuiahPw8NDYYoGBDxiFLGw8","timestamp":"2025-08-03T16:24:16.501Z"}
{"level":"info","message":"Telegram bot initialized","timestamp":"2025-08-03T16:24:16.502Z"}
{"level":"info","message":"Connected to Solana RPC: https://devnet.helius-rpc.com/?api-key=857b8628-cc06-417a-8a1e-985b7194869b (devnet)","timestamp":"2025-08-03T16:24:34.533Z"}
{"level":"warn","message":"Retry 1/3 after 2000ms: ResponseError: Response returned an error code","timestamp":"2025-08-03T16:24:35.045Z"}
{"level":"warn","message":"Retry 2/3 after 4000ms: ResponseError: Response returned an error code","timestamp":"2025-08-03T16:24:37.210Z"}
{"level":"warn","message":"Retry 3/3 after 8000ms: ResponseError: Response returned an error code","timestamp":"2025-08-03T16:24:41.588Z"}
{"level":"warn","message":"Scan error for USDC,SOL,RAY: Error: Max retries exceeded","timestamp":"2025-08-03T16:24:49.591Z"}
{"level":"warn","message":"Retry 1/3 after 2000ms: ResponseError: Response returned an error code","timestamp":"2025-08-03T16:24:49.963Z"}
{"level":"warn","message":"Retry 2/3 after 4000ms: ResponseError: Response returned an error code","timestamp":"2025-08-03T16:24:52.133Z"}
{"level":"warn","message":"Retry 3/3 after 8000ms: ResponseError: Response returned an error code","timestamp":"2025-08-03T16:24:56.516Z"}
{"level":"warn","message":"Scan error for USDC,SOL,JTO: Error: Max retries exceeded","timestamp":"2025-08-03T16:25:04.523Z"}
{"level":"info","message":"No arbitrage opportunities found in this scan","timestamp":"2025-08-03T16:25:04.523Z"}
{"level":"error","message":"Telegram error: 400: Bad Request: query is too old and response timeout expired or query ID is invalid","timestamp":"2025-08-03T16:25:04.689Z"}
{"level":"info","message":"Connected to Solana RPC: https://devnet.helius-rpc.com/?api-key=857b8628-cc06-417a-8a1e-985b7194869b (devnet)","timestamp":"2025-08-03T16:26:15.424Z"}
{"level":"info","message":"Wallet loaded: 6Qsocug9zNwvdByi1Qn7VCuiahPw8NDYYoGBDxiFLGw8","timestamp":"2025-08-03T16:26:15.485Z"}
{"level":"info","message":"Telegram bot initialized","timestamp":"2025-08-03T16:26:15.487Z"}
{"level":"info","message":"Connected to Solana RPC: https://devnet.helius-rpc.com/?api-key=857b8628-cc06-417a-8a1e-985b7194869b (devnet)","timestamp":"2025-08-03T16:26:28.315Z"}
{"level":"warn","message":"Retry 1/3 after 2000ms: ResponseError: Response returned an error code","timestamp":"2025-08-03T16:26:28.984Z"}
{"level":"warn","message":"Retry 2/3 after 4000ms: ResponseError: Response returned an error code","timestamp":"2025-08-03T16:26:31.184Z"}
{"level":"warn","message":"Retry 3/3 after 8000ms: ResponseError: Response returned an error code","timestamp":"2025-08-03T16:26:35.574Z"}
{"level":"warn","message":"Scan error for USDC,SOL,RAY: Error: Max retries exceeded","timestamp":"2025-08-03T16:26:43.576Z"}
{"level":"warn","message":"Retry 1/3 after 2000ms: ResponseError: Response returned an error code","timestamp":"2025-08-03T16:26:43.949Z"}
{"level":"warn","message":"Retry 2/3 after 4000ms: ResponseError: Response returned an error code","timestamp":"2025-08-03T16:26:46.130Z"}
{"level":"warn","message":"Retry 3/3 after 8000ms: ResponseError: Response returned an error code","timestamp":"2025-08-03T16:26:50.533Z"}
{"level":"warn","message":"Scan error for USDC,SOL,JTO: Error: Max retries exceeded","timestamp":"2025-08-03T16:26:58.545Z"}
{"level":"info","message":"No arbitrage opportunities found in this scan","timestamp":"2025-08-03T16:26:58.545Z"}
{"level":"error","message":"Telegram error: 400: Bad Request: query is too old and response timeout expired or query ID is invalid","timestamp":"2025-08-03T16:26:58.767Z"}
{"level":"info","message":"Connected to Solana RPC: https://devnet.helius-rpc.com/?api-key=857b8628-cc06-417a-8a1e-985b7194869b (devnet)","timestamp":"2025-08-03T16:32:13.799Z"}
{"level":"info","message":"Wallet loaded: 6Qsocug9zNwvdByi1Qn7VCuiahPw8NDYYoGBDxiFLGw8","timestamp":"2025-08-03T16:32:13.859Z"}
{"level":"info","message":"Telegram bot initialized","timestamp":"2025-08-03T16:32:13.861Z"}
{"level":"info","message":"Bot started via Telegram","timestamp":"2025-08-03T16:32:24.656Z"}
{"level":"info","message":"Devnet mode: Using mock opportunity for testing","timestamp":"2025-08-03T16:32:29.396Z"}
{"level":"info","message":"Connected to Solana RPC: https://devnet.helius-rpc.com/?api-key=857b8628-cc06-417a-8a1e-985b7194869b (devnet)","timestamp":"2025-08-03T16:49:04.616Z"}
{"level":"info","message":"Wallet loaded: 6Qsocug9zNwvdByi1Qn7VCuiahPw8NDYYoGBDxiFLGw8","timestamp":"2025-08-03T16:49:04.677Z"}
{"level":"info","message":"Telegram bot initialized","timestamp":"2025-08-03T16:49:04.679Z"}
{"level":"info","message":"Bot started via Telegram","timestamp":"2025-08-03T16:49:15.606Z"}
{"level":"info","message":"Connected to Solana RPC: https://rpc.helius.xyz/?api-key=857b8628-cc06-417a-8a1e-985b7194869b (mainnet)","timestamp":"2025-08-03T16:49:59.008Z"}
{"level":"info","message":"Wallet loaded: 6Qsocug9zNwvdByi1Qn7VCuiahPw8NDYYoGBDxiFLGw8","timestamp":"2025-08-03T16:49:59.066Z"}
{"level":"info","message":"Telegram bot initialized","timestamp":"2025-08-03T16:49:59.067Z"}
{"level":"info","message":"Connected to Solana RPC: https://rpc.helius.xyz/?api-key=857b8628-cc06-417a-8a1e-985b7194869b (mainnet)","timestamp":"2025-08-03T16:50:11.132Z"}
{"level":"info","message":"No arbitrage opportunities found in this scan","timestamp":"2025-08-03T16:50:12.924Z"}
{"level":"info","message":"Connected to Solana RPC: https://rpc.helius.xyz/?api-key=857b8628-cc06-417a-8a1e-985b7194869b (mainnet)","timestamp":"2025-08-03T17:03:01.384Z"}
{"level":"info","message":"Wallet loaded: 6Qsocug9zNwvdByi1Qn7VCuiahPw8NDYYoGBDxiFLGw8","timestamp":"2025-08-03T17:03:01.443Z"}
{"level":"info","message":"Telegram bot initialized","timestamp":"2025-08-03T17:03:01.445Z"}
{"level":"info","message":"Bot started via Telegram","timestamp":"2025-08-03T17:03:18.776Z"}
{"level":"info","message":"Connected to Solana RPC: https://rpc.helius.xyz/?api-key=857b8628-cc06-417a-8a1e-985b7194869b (mainnet)","timestamp":"2025-08-03T17:03:41.309Z"}
{"level":"info","message":"Wallet loaded: 6Qsocug9zNwvdByi1Qn7VCuiahPw8NDYYoGBDxiFLGw8","timestamp":"2025-08-03T17:03:41.370Z"}
{"level":"info","message":"Telegram bot initialized","timestamp":"2025-08-03T17:03:41.371Z"}
{"level":"info","message":"Connected to Solana RPC: https://rpc.helius.xyz/?api-key=857b8628-cc06-417a-8a1e-985b7194869b (mainnet)","timestamp":"2025-08-03T17:04:29.961Z"}
{"level":"info","message":"No arbitrage opportunities found in this scan","timestamp":"2025-08-03T17:04:32.051Z"}
{"level":"info","message":"Connected to Solana RPC: https://rpc.helius.xyz/?api-key=857b8628-cc06-417a-8a1e-985b7194869b (mainnet)","timestamp":"2025-08-03T17:14:08.684Z"}
{"level":"info","message":"Wallet loaded: 6Qsocug9zNwvdByi1Qn7VCuiahPw8NDYYoGBDxiFLGw8","timestamp":"2025-08-03T17:14:08.744Z"}
{"level":"info","message":"Telegram bot initialized","timestamp":"2025-08-03T17:14:08.745Z"}
{"level":"info","message":"Connected to Solana RPC: https://rpc.helius.xyz/?api-key=857b8628-cc06-417a-8a1e-985b7194869b (mainnet)","timestamp":"2025-08-03T17:21:19.499Z"}
{"level":"info","message":"Wallet loaded: 6Qsocug9zNwvdByi1Qn7VCuiahPw8NDYYoGBDxiFLGw8","timestamp":"2025-08-03T17:21:19.558Z"}
{"level":"info","message":"Telegram bot initialized","timestamp":"2025-08-03T17:21:19.559Z"}
{"level":"info","message":"Bot started via Telegram","timestamp":"2025-08-03T17:21:33.522Z"}
{"level":"info","message":"Connected to Solana RPC: https://rpc.helius.xyz/?api-key=857b8628-cc06-417a-8a1e-985b7194869b (mainnet)","timestamp":"2025-08-03T17:21:54.466Z"}
{"level":"info","message":"No arbitrage opportunities found in this scan","timestamp":"2025-08-03T17:21:56.572Z"}
{"level":"info","message":"Connected to Solana RPC: https://rpc.helius.xyz/?api-key=857b8628-cc06-417a-8a1e-985b7194869b (mainnet)","timestamp":"2025-08-03T17:22:00.654Z"}
{"level":"info","message":"Wallet loaded: 6Qsocug9zNwvdByi1Qn7VCuiahPw8NDYYoGBDxiFLGw8","timestamp":"2025-08-03T17:22:00.655Z"}
{"level":"info","message":"Connected to Solana RPC: https://rpc.helius.xyz/?api-key=857b8628-cc06-417a-8a1e-985b7194869b (mainnet)","timestamp":"2025-08-03T17:27:41.028Z"}
{"level":"info","message":"Wallet loaded: 6Qsocug9zNwvdByi1Qn7VCuiahPw8NDYYoGBDxiFLGw8","timestamp":"2025-08-03T17:27:41.091Z"}
{"level":"info","message":"Telegram bot initialized","timestamp":"2025-08-03T17:27:41.093Z"}
{"level":"info","message":"Bot started via Telegram","timestamp":"2025-08-03T17:27:52.545Z"}
{"level":"info","message":"Connected to Solana RPC: https://rpc.helius.xyz/?api-key=857b8628-cc06-417a-8a1e-985b7194869b (mainnet)","timestamp":"2025-08-03T17:27:55.019Z"}
{"level":"info","message":"No arbitrage opportunities found in this scan","timestamp":"2025-08-03T17:27:56.712Z"}
{"level":"info","message":"Connected to Solana RPC: https://rpc.helius.xyz/?api-key=857b8628-cc06-417a-8a1e-985b7194869b (mainnet)","timestamp":"2025-08-03T17:33:53.894Z"}
{"level":"info","message":"Wallet loaded: 6Qsocug9zNwvdByi1Qn7VCuiahPw8NDYYoGBDxiFLGw8","timestamp":"2025-08-03T17:33:53.895Z"}
{"level":"error","message":"Failed to get balance: Error: failed to get balance of account 6Qsocug9zNwvdByi1Qn7VCuiahPw8NDYYoGBDxiFLGw8: Error: 525 Server Error: {\"jsonrpc\":\"2.0\",\"error\":{\"code\":-32525,\"message\":\"Internal error, please contact Helius support if this persists.\"}}","timestamp":"2025-08-03T17:33:55.248Z"}
{"level":"info","message":"Connected to Solana RPC: https://rpc.helius.xyz/?api-key=857b8628-cc06-417a-8a1e-985b7194869b (mainnet)","timestamp":"2025-08-03T17:34:18.528Z"}
{"level":"info","message":"Wallet loaded: 6Qsocug9zNwvdByi1Qn7VCuiahPw8NDYYoGBDxiFLGw8","timestamp":"2025-08-03T17:34:18.529Z"}
{"level":"error","message":"Failed to get balance: Error: failed to get balance of account 6Qsocug9zNwvdByi1Qn7VCuiahPw8NDYYoGBDxiFLGw8: Error: 525 Server Error: {\"jsonrpc\":\"2.0\",\"error\":{\"code\":-32525,\"message\":\"Internal error, please contact Helius support if this persists.\"}}","timestamp":"2025-08-03T17:34:19.685Z"}
{"level":"info","message":"Connected to Solana RPC: https://rpc.helius.xyz/?api-key=857b8628-cc06-417a-8a1e-985b7194869b (mainnet)","timestamp":"2025-08-03T17:45:50.530Z"}
{"level":"info","message":"Wallet loaded: 6Qsocug9zNwvdByi1Qn7VCuiahPw8NDYYoGBDxiFLGw8","timestamp":"2025-08-03T17:45:50.591Z"}
{"level":"info","message":"Telegram bot initialized","timestamp":"2025-08-03T17:45:50.593Z"}
{"level":"info","message":"Bot started via Telegram","timestamp":"2025-08-03T17:46:09.051Z"}
{"level":"info","message":"Connected to Solana RPC: https://rpc.helius.xyz/?api-key=857b8628-cc06-417a-8a1e-985b7194869b (mainnet)","timestamp":"2025-08-03T17:46:12.013Z"}
{"level":"info","message":"Wallet loaded: 6Qsocug9zNwvdByi1Qn7VCuiahPw8NDYYoGBDxiFLGw8","timestamp":"2025-08-03T17:46:12.014Z"}
{"level":"error","message":"Failed to get balance: Error: failed to get balance of account 6Qsocug9zNwvdByi1Qn7VCuiahPw8NDYYoGBDxiFLGw8: Error: 525 Server Error: {\"jsonrpc\":\"2.0\",\"error\":{\"code\":-32525,\"message\":\"Internal error, please contact Helius support if this persists.\"}}","timestamp":"2025-08-03T17:46:13.582Z"}
{"level":"info","message":"Fetching token list for dynamic generation...","timestamp":"2025-08-03T17:46:25.641Z"}
{"level":"error","message":"Failed to fetch tokens: TypeError: Cannot read properties of undefined (reading 'maxTokens')","timestamp":"2025-08-03T17:47:10.667Z"}
{"level":"error","message":"Telegram error: 400: Bad Request: query is too old and response timeout expired or query ID is invalid","timestamp":"2025-08-03T17:47:10.793Z"}
